<?xml version="1.0" encoding="UTF-8"?>
<!-- Generated by org.testng.reporters.JUnitReportReporter -->
<testsuite hostname="MS-20160617BOYN" name="day4.Case2" tests="3" failures="0" timestamp="1 Feb 2018 09:21:38 GMT" time="0.000" errors="0">
  <testcase name="c02_test02" time="0.000" classname="day4.Case2"/>
  <testcase name="test" time="0.000" classname="day4.Case2"/>
  <testcase name="test" time="0.000" classname="day4.Case2"/>
</testsuite> <!-- day4.Case2 -->
