<?xml version="1.0" encoding="UTF-8"?>
<!-- Generated by org.testng.reporters.JUnitReportReporter -->
<testsuite hostname="MS-20160617BOYN" name="cases.Case4" tests="1" failures="0" timestamp="5 Feb 2018 16:47:02 GMT" time="7.107" errors="0">
  <testcase name="demo" time="7.107" classname="cases.Case4"/>
</testsuite> <!-- cases.Case4 -->
