<?xml version="1.0" encoding="UTF-8"?>
<!-- Generated by org.testng.reporters.JUnitReportReporter -->
<testsuite hostname="MS-20160617BOYN" name="cases.Case2" tests="1" failures="0" timestamp="10 Feb 2018 13:21:24 GMT" time="2.018" errors="0">
  <testcase name="case02" time="2.018" classname="cases.Case2"/>
</testsuite> <!-- cases.Case2 -->
