<?xml version="1.0" encoding="UTF-8"?>
<!-- Generated by org.testng.reporters.JUnitReportReporter -->
<testsuite hostname="MS-20160617BOYN" name="cases.Case3" tests="1" failures="0" timestamp="5 Feb 2018 16:47:02 GMT" time="8.371" errors="0">
  <testcase name="order" time="8.371" classname="cases.Case3"/>
</testsuite> <!-- cases.Case3 -->
