<?xml version="1.0" encoding="UTF-8"?>
<!-- Generated by org.testng.reporters.JUnitReportReporter -->
<testsuite hostname="MS-20160617BOYN" name="day5.Case1" tests="1" failures="0" timestamp="8 Feb 2018 18:11:10 GMT" time="0.180" errors="0">
  <testcase name="test1" time="0.180" classname="day5.Case1"/>
</testsuite> <!-- day5.Case1 -->
