<?xml version="1.0" encoding="UTF-8"?>
<!-- Generated by org.testng.reporters.JUnitReportReporter -->
<testsuite hostname="MS-20160617BOYN" name="cases.Case1" tests="1" failures="0" timestamp="10 Feb 2018 13:21:24 GMT" time="3.645" errors="0">
  <testcase name="case1" time="3.645" classname="cases.Case1"/>
</testsuite> <!-- cases.Case1 -->
