<?xml version="1.0" encoding="UTF-8"?>
<!-- Generated by org.testng.reporters.JUnitReportReporter -->
<testsuite hostname="MS-20160617BOYN" name="day4.Case1" tests="3" failures="0" timestamp="1 Feb 2018 09:21:38 GMT" time="0.030" errors="0">
  <testcase name="c01_test02" time="0.000" classname="day4.Case1"/>
  <testcase name="test" time="0.000" classname="day4.Case1"/>
  <testcase name="c01_test02" time="0.030" classname="day4.Case1"/>
</testsuite> <!-- day4.Case1 -->
